<?xml version="1.0" encoding="UTF-8"?>
<!-- Generated by org.testng.reporters.JUnitXMLReporter -->
<testsuite ignored="0" hostname="DESKTOP-OC0MONQ" failures="1" tests="3" name="Surefire test" time="21.823" errors="0" timestamp="2025-03-25T10:20:06 IST">
  <testcase classname="Sample.TestNGPractice" name="createUser" time="0.016"/>
  <testcase classname="Sample.TestNGPractice" name="deleteUser" time="0.0"/>
  <testcase classname="testCaseRepo.TC_001Test" name="LE_001" time="14.362">
    <failure type="java.lang.AssertionError" message="null">
      <![CDATA[java.lang.AssertionError: null
at testCaseRepo.TC_001Test.LE_001(TC_001Test.java:28)
at java.base/java.util.ArrayList.forEach(ArrayList.java:1511)
... Removed 34 stack frames]]>
    </failure>
  </testcase> <!-- LE_001 -->
</testsuite> <!-- Surefire test -->
