<?xml version="1.0" encoding="UTF-8"?>
<testng-results ignored="0" total="2" passed="2" failed="0" skipped="0">
  <reporter-output>
    <line>
      <![CDATA[LE_001 On Test Start executed]]>
    </line>
    <line>
      <![CDATA[LE_001 On Test Start executed]]>
    </line>
    <line>
      <![CDATA[LE_001 On Test Sucess executed]]>
    </line>
    <line>
      <![CDATA[LE_001 On Test Sucess executed]]>
    </line>
  </reporter-output>
  <suite started-at="2025-03-26T14:10:24 IST" name="Suite" finished-at="2025-03-26T14:11:00 IST" duration-ms="35895">
    <groups>
      <group name="Sanity">
        <method signature="TC_002.LE_001()[pri:0, instance:testCaseRepo.TC_002@6356695f]" name="LE_001" class="testCaseRepo.TC_002"/>
      </group> <!-- Sanity -->
      <group name="Regression">
        <method signature="TC_001Test.LE_001()[pri:0, instance:testCaseRepo.TC_001Test@4efbca5a]" name="LE_001" class="testCaseRepo.TC_001Test"/>
      </group> <!-- Regression -->
      <group name="Smoke">
        <method signature="TC_002.LE_001()[pri:0, instance:testCaseRepo.TC_002@6356695f]" name="LE_001" class="testCaseRepo.TC_002"/>
        <method signature="TC_001Test.LE_001()[pri:0, instance:testCaseRepo.TC_001Test@4efbca5a]" name="LE_001" class="testCaseRepo.TC_001Test"/>
      </group> <!-- Smoke -->
    </groups>
    <test started-at="2025-03-26T14:10:24 IST" name="Test2" finished-at="2025-03-26T14:10:57 IST" duration-ms="32731">
      <class name="testCaseRepo.TC_001Test">
        <test-method is-config="true" signature="dbConnection()[pri:0, instance:testCaseRepo.TC_001Test@4efbca5a]" started-at="2025-03-26T14:10:24 IST" name="dbConnection" finished-at="2025-03-26T14:10:24 IST" duration-ms="23" status="PASS">
          <reporter-output>
          </reporter-output>
        </test-method> <!-- dbConnection -->
        <test-method is-config="true" signature="launchBrowser(java.lang.String)[pri:0, instance:testCaseRepo.TC_001Test@4efbca5a]" started-at="2025-03-26T14:10:25 IST" name="launchBrowser" finished-at="2025-03-26T14:10:32 IST" duration-ms="7102" status="PASS">
          <params>
            <param index="0">
              <value>
                <![CDATA[edge]]>
              </value>
            </param>
          </params>
          <reporter-output>
          </reporter-output>
        </test-method> <!-- launchBrowser -->
        <test-method is-config="true" signature="loginOperation()[pri:0, instance:testCaseRepo.TC_001Test@4efbca5a]" started-at="2025-03-26T14:10:32 IST" name="loginOperation" finished-at="2025-03-26T14:10:37 IST" duration-ms="4996" status="PASS">
          <reporter-output>
          </reporter-output>
        </test-method> <!-- loginOperation -->
        <test-method signature="LE_001()[pri:0, instance:testCaseRepo.TC_001Test@4efbca5a]" started-at="2025-03-26T14:10:37 IST" name="LE_001" finished-at="2025-03-26T14:10:53 IST" duration-ms="16237" status="PASS">
          <reporter-output>
            <line>
              <![CDATA[LE_001 On Test Start executed]]>
            </line>
            <line>
              <![CDATA[LE_001 On Test Sucess executed]]>
            </line>
          </reporter-output>
        </test-method> <!-- LE_001 -->
        <test-method is-config="true" signature="logoutOperation()[pri:0, instance:testCaseRepo.TC_001Test@4efbca5a]" started-at="2025-03-26T14:10:53 IST" name="logoutOperation" finished-at="2025-03-26T14:10:55 IST" duration-ms="2420" status="PASS">
          <reporter-output>
          </reporter-output>
        </test-method> <!-- logoutOperation -->
        <test-method is-config="true" signature="closeBrowser()[pri:0, instance:testCaseRepo.TC_001Test@4efbca5a]" started-at="2025-03-26T14:10:55 IST" name="closeBrowser" finished-at="2025-03-26T14:10:57 IST" duration-ms="1531" status="PASS">
          <reporter-output>
          </reporter-output>
        </test-method> <!-- closeBrowser -->
        <test-method is-config="true" signature="closeDBConnection()[pri:0, instance:testCaseRepo.TC_001Test@4efbca5a]" started-at="2025-03-26T14:11:00 IST" name="closeDBConnection" finished-at="2025-03-26T14:11:00 IST" duration-ms="2" status="PASS">
          <reporter-output>
          </reporter-output>
        </test-method> <!-- closeDBConnection -->
      </class> <!-- testCaseRepo.TC_001Test -->
    </test> <!-- Test2 -->
    <test started-at="2025-03-26T14:10:24 IST" name="Test1" finished-at="2025-03-26T14:11:00 IST" duration-ms="35895">
      <class name="testCaseRepo.TC_002">
        <test-method is-config="true" signature="launchBrowser(java.lang.String)[pri:0, instance:testCaseRepo.TC_002@6356695f]" started-at="2025-03-26T14:10:25 IST" name="launchBrowser" finished-at="2025-03-26T14:10:32 IST" duration-ms="7102" status="PASS">
          <params>
            <param index="0">
              <value>
                <![CDATA[chrome]]>
              </value>
            </param>
          </params>
          <reporter-output>
          </reporter-output>
        </test-method> <!-- launchBrowser -->
        <test-method is-config="true" signature="loginOperation()[pri:0, instance:testCaseRepo.TC_002@6356695f]" started-at="2025-03-26T14:10:32 IST" name="loginOperation" finished-at="2025-03-26T14:10:37 IST" duration-ms="5110" status="PASS">
          <reporter-output>
          </reporter-output>
        </test-method> <!-- loginOperation -->
        <test-method signature="LE_001()[pri:0, instance:testCaseRepo.TC_002@6356695f]" started-at="2025-03-26T14:10:37 IST" name="LE_001" finished-at="2025-03-26T14:10:58 IST" duration-ms="21008" status="PASS">
          <reporter-output>
            <line>
              <![CDATA[LE_001 On Test Start executed]]>
            </line>
            <line>
              <![CDATA[LE_001 On Test Sucess executed]]>
            </line>
          </reporter-output>
        </test-method> <!-- LE_001 -->
        <test-method is-config="true" signature="logoutOperation()[pri:0, instance:testCaseRepo.TC_002@6356695f]" started-at="2025-03-26T14:10:58 IST" name="logoutOperation" finished-at="2025-03-26T14:11:00 IST" duration-ms="1922" status="PASS">
          <reporter-output>
          </reporter-output>
        </test-method> <!-- logoutOperation -->
        <test-method is-config="true" signature="closeBrowser()[pri:0, instance:testCaseRepo.TC_002@6356695f]" started-at="2025-03-26T14:11:00 IST" name="closeBrowser" finished-at="2025-03-26T14:11:00 IST" duration-ms="335" status="PASS">
          <reporter-output>
          </reporter-output>
        </test-method> <!-- closeBrowser -->
      </class> <!-- testCaseRepo.TC_002 -->
    </test> <!-- Test1 -->
  </suite> <!-- Suite -->
</testng-results>
