<?xml version="1.0" encoding="UTF-8"?>
<testng-results ignored="0" total="5" passed="4" failed="1" skipped="0">
  <reporter-output>
    <line>
      <![CDATA[LE_001 On Test Start executed]]>
    </line>
    <line>
      <![CDATA[LE_001 On Test Sucess executed]]>
    </line>
    <line>
      <![CDATA[LE_001 On Test Start executed]]>
    </line>
    <line>
      <![CDATA[LE_001 On Test Sucess executed]]>
    </line>
    <line>
      <![CDATA[CON_002 On Test Start executed]]>
    </line>
    <line>
      <![CDATA[CON_002 On Test Failure executed]]>
    </line>
    <line>
      <![CDATA[CON_001 On Test Start executed]]>
    </line>
    <line>
      <![CDATA[CON_001 On Test Sucess executed]]>
    </line>
    <line>
      <![CDATA[LE_001 On Test Start executed]]>
    </line>
    <line>
      <![CDATA[LE_001 On Test Sucess executed]]>
    </line>
  </reporter-output>
  <suite started-at="2025-04-01T10:44:13 IST" name="Suite" finished-at="2025-04-01T10:46:21 IST" duration-ms="127919">
    <groups>
      <group name="Sanity">
        <method signature="TC_002.LE_001()[pri:0, instance:testCaseRepo.TC_002@6f4a47c7]" name="LE_001" class="testCaseRepo.TC_002"/>
        <method signature="TC_004.CON_001()[pri:0, instance:testCaseRepo.TC_004@69453e37]" name="CON_001" class="testCaseRepo.TC_004"/>
      </group> <!-- Sanity -->
      <group name="Regression">
        <method signature="TC_001Test.LE_001()[pri:0, instance:testCaseRepo.TC_001Test@2df3b89c]" name="LE_001" class="testCaseRepo.TC_001Test"/>
        <method signature="TC_003.LE_001()[pri:0, instance:testCaseRepo.TC_003@6200f9cb]" name="LE_001" class="testCaseRepo.TC_003"/>
      </group> <!-- Regression -->
      <group name="Smoke">
        <method signature="TC_001Test.LE_001()[pri:0, instance:testCaseRepo.TC_001Test@2df3b89c]" name="LE_001" class="testCaseRepo.TC_001Test"/>
        <method signature="TC_002.LE_001()[pri:0, instance:testCaseRepo.TC_002@6f4a47c7]" name="LE_001" class="testCaseRepo.TC_002"/>
        <method signature="TC_005.CON_002()[pri:0, instance:testCaseRepo.TC_005@2002fc1d]" name="CON_002" class="testCaseRepo.TC_005"/>
      </group> <!-- Smoke -->
    </groups>
    <test started-at="2025-04-01T10:44:13 IST" name="Test" finished-at="2025-04-01T10:46:21 IST" duration-ms="127919">
      <class name="testCaseRepo.TC_001Test">
        <test-method is-config="true" signature="dbConnection()[pri:0, instance:testCaseRepo.TC_001Test@2df3b89c]" started-at="2025-04-01T10:44:13 IST" name="dbConnection" finished-at="2025-04-01T10:44:13 IST" duration-ms="19" status="PASS">
          <reporter-output>
          </reporter-output>
        </test-method> <!-- dbConnection -->
        <test-method is-config="true" signature="launchBrowser(java.lang.String)[pri:0, instance:testCaseRepo.TC_001Test@2df3b89c]" started-at="2025-04-01T10:44:14 IST" name="launchBrowser" finished-at="2025-04-01T10:44:23 IST" duration-ms="9290" status="PASS">
          <params>
            <param index="0">
              <value>
                <![CDATA[chrome]]>
              </value>
            </param>
          </params>
          <reporter-output>
          </reporter-output>
        </test-method> <!-- launchBrowser -->
        <test-method is-config="true" signature="loginOperation()[pri:0, instance:testCaseRepo.TC_001Test@2df3b89c]" started-at="2025-04-01T10:44:23 IST" name="loginOperation" finished-at="2025-04-01T10:44:27 IST" duration-ms="3652" status="PASS">
          <reporter-output>
          </reporter-output>
        </test-method> <!-- loginOperation -->
        <test-method signature="LE_001()[pri:0, instance:testCaseRepo.TC_001Test@2df3b89c]" started-at="2025-04-01T10:44:27 IST" name="LE_001" finished-at="2025-04-01T10:44:40 IST" duration-ms="13193" status="PASS">
          <reporter-output>
            <line>
              <![CDATA[LE_001 On Test Start executed]]>
            </line>
            <line>
              <![CDATA[LE_001 On Test Sucess executed]]>
            </line>
          </reporter-output>
        </test-method> <!-- LE_001 -->
        <test-method is-config="true" signature="logoutOperation()[pri:0, instance:testCaseRepo.TC_001Test@2df3b89c]" started-at="2025-04-01T10:44:40 IST" name="logoutOperation" finished-at="2025-04-01T10:44:42 IST" duration-ms="1858" status="PASS">
          <reporter-output>
          </reporter-output>
        </test-method> <!-- logoutOperation -->
        <test-method is-config="true" signature="closeBrowser()[pri:0, instance:testCaseRepo.TC_001Test@2df3b89c]" started-at="2025-04-01T10:44:42 IST" name="closeBrowser" finished-at="2025-04-01T10:44:42 IST" duration-ms="439" status="PASS">
          <reporter-output>
          </reporter-output>
        </test-method> <!-- closeBrowser -->
        <test-method is-config="true" signature="closeDBConnection()[pri:0, instance:testCaseRepo.TC_001Test@2df3b89c]" started-at="2025-04-01T10:46:23 IST" name="closeDBConnection" finished-at="2025-04-01T10:46:23 IST" duration-ms="0" status="PASS">
          <reporter-output>
          </reporter-output>
        </test-method> <!-- closeDBConnection -->
      </class> <!-- testCaseRepo.TC_001Test -->
      <class name="testCaseRepo.TC_003">
        <test-method is-config="true" signature="launchBrowser(java.lang.String)[pri:0, instance:testCaseRepo.TC_003@6200f9cb]" started-at="2025-04-01T10:44:42 IST" name="launchBrowser" finished-at="2025-04-01T10:44:45 IST" duration-ms="3090" status="PASS">
          <params>
            <param index="0">
              <value>
                <![CDATA[chrome]]>
              </value>
            </param>
          </params>
          <reporter-output>
          </reporter-output>
        </test-method> <!-- launchBrowser -->
        <test-method is-config="true" signature="loginOperation()[pri:0, instance:testCaseRepo.TC_003@6200f9cb]" started-at="2025-04-01T10:44:45 IST" name="loginOperation" finished-at="2025-04-01T10:44:49 IST" duration-ms="3263" status="PASS">
          <reporter-output>
          </reporter-output>
        </test-method> <!-- loginOperation -->
        <test-method signature="LE_001()[pri:0, instance:testCaseRepo.TC_003@6200f9cb]" started-at="2025-04-01T10:44:49 IST" name="LE_001" finished-at="2025-04-01T10:45:02 IST" duration-ms="13720" status="PASS">
          <reporter-output>
            <line>
              <![CDATA[LE_001 On Test Start executed]]>
            </line>
            <line>
              <![CDATA[LE_001 On Test Sucess executed]]>
            </line>
          </reporter-output>
        </test-method> <!-- LE_001 -->
        <test-method is-config="true" signature="logoutOperation()[pri:0, instance:testCaseRepo.TC_003@6200f9cb]" started-at="2025-04-01T10:45:02 IST" name="logoutOperation" finished-at="2025-04-01T10:45:04 IST" duration-ms="1937" status="PASS">
          <reporter-output>
          </reporter-output>
        </test-method> <!-- logoutOperation -->
        <test-method is-config="true" signature="closeBrowser()[pri:0, instance:testCaseRepo.TC_003@6200f9cb]" started-at="2025-04-01T10:45:04 IST" name="closeBrowser" finished-at="2025-04-01T10:45:05 IST" duration-ms="355" status="PASS">
          <reporter-output>
          </reporter-output>
        </test-method> <!-- closeBrowser -->
      </class> <!-- testCaseRepo.TC_003 -->
      <class name="testCaseRepo.TC_002">
        <test-method is-config="true" signature="launchBrowser(java.lang.String)[pri:0, instance:testCaseRepo.TC_002@6f4a47c7]" started-at="2025-04-01T10:45:56 IST" name="launchBrowser" finished-at="2025-04-01T10:46:00 IST" duration-ms="3240" status="PASS">
          <params>
            <param index="0">
              <value>
                <![CDATA[chrome]]>
              </value>
            </param>
          </params>
          <reporter-output>
          </reporter-output>
        </test-method> <!-- launchBrowser -->
        <test-method is-config="true" signature="loginOperation()[pri:0, instance:testCaseRepo.TC_002@6f4a47c7]" started-at="2025-04-01T10:46:00 IST" name="loginOperation" finished-at="2025-04-01T10:46:04 IST" duration-ms="4131" status="PASS">
          <reporter-output>
          </reporter-output>
        </test-method> <!-- loginOperation -->
        <test-method signature="LE_001()[pri:0, instance:testCaseRepo.TC_002@6f4a47c7]" started-at="2025-04-01T10:46:04 IST" name="LE_001" finished-at="2025-04-01T10:46:19 IST" duration-ms="15438" status="PASS">
          <reporter-output>
            <line>
              <![CDATA[LE_001 On Test Start executed]]>
            </line>
            <line>
              <![CDATA[LE_001 On Test Sucess executed]]>
            </line>
          </reporter-output>
        </test-method> <!-- LE_001 -->
        <test-method is-config="true" signature="logoutOperation()[pri:0, instance:testCaseRepo.TC_002@6f4a47c7]" started-at="2025-04-01T10:46:19 IST" name="logoutOperation" finished-at="2025-04-01T10:46:21 IST" duration-ms="1907" status="PASS">
          <reporter-output>
          </reporter-output>
        </test-method> <!-- logoutOperation -->
        <test-method is-config="true" signature="closeBrowser()[pri:0, instance:testCaseRepo.TC_002@6f4a47c7]" started-at="2025-04-01T10:46:21 IST" name="closeBrowser" finished-at="2025-04-01T10:46:21 IST" duration-ms="349" status="PASS">
          <reporter-output>
          </reporter-output>
        </test-method> <!-- closeBrowser -->
      </class> <!-- testCaseRepo.TC_002 -->
      <class name="testCaseRepo.TC_005">
        <test-method is-config="true" signature="launchBrowser(java.lang.String)[pri:0, instance:testCaseRepo.TC_005@2002fc1d]" started-at="2025-04-01T10:45:05 IST" name="launchBrowser" finished-at="2025-04-01T10:45:08 IST" duration-ms="2948" status="PASS">
          <params>
            <param index="0">
              <value>
                <![CDATA[chrome]]>
              </value>
            </param>
          </params>
          <reporter-output>
          </reporter-output>
        </test-method> <!-- launchBrowser -->
        <test-method is-config="true" signature="loginOperation()[pri:0, instance:testCaseRepo.TC_005@2002fc1d]" started-at="2025-04-01T10:45:08 IST" name="loginOperation" finished-at="2025-04-01T10:45:11 IST" duration-ms="3510" status="PASS">
          <reporter-output>
          </reporter-output>
        </test-method> <!-- loginOperation -->
        <test-method signature="CON_002()[pri:0, instance:testCaseRepo.TC_005@2002fc1d]" started-at="2025-04-01T10:45:11 IST" name="CON_002" finished-at="2025-04-01T10:45:30 IST" duration-ms="19205" status="FAIL">
          <exception class="org.openqa.selenium.NoSuchElementException">
            <message>
              <![CDATA[no such element: Unable to locate element: {"method":"xpath","selector":"//input[@id='title']"}
  (Session info: chrome=134.0.6998.178)
For documentation on this error, please visit: https://www.selenium.dev/documentation/webdriver/troubleshooting/errors#no-such-element-exception
Build info: version: '4.27.0', revision: 'd6e718d134'
System info: os.name: 'Windows 11', os.arch: 'amd64', os.version: '10.0', java.version: '23.0.1'
Driver info: org.openqa.selenium.chrome.ChromeDriver
Command: [96163064f55faf86dba3f954f5b89ca7, findElement {value=//input[@id='title'], using=xpath}]
Capabilities {acceptInsecureCerts: false, browserName: chrome, browserVersion: 134.0.6998.178, chrome: {chromedriverVersion: 134.0.6998.165 (fd886e2cb29..., userDataDir: C:\Users\HP\AppData\Local\T...}, fedcm:accounts: true, goog:chromeOptions: {debuggerAddress: localhost:55445}, networkConnectionEnabled: false, pageLoadStrategy: normal, platformName: windows, proxy: Proxy(), se:cdp: ws://localhost:55445/devtoo..., se:cdpVersion: 134.0.6998.178, setWindowRect: true, strictFileInteractability: false, timeouts: {implicit: 0, pageLoad: 300000, script: 30000}, unhandledPromptBehavior: dismiss and notify, webauthn:extension:credBlob: true, webauthn:extension:largeBlob: true, webauthn:extension:minPinLength: true, webauthn:extension:prf: true, webauthn:virtualAuthenticators: true}
Session ID: 96163064f55faf86dba3f954f5b89ca7]]>
            </message>
            <full-stacktrace>
              <![CDATA[org.openqa.selenium.NoSuchElementException: no such element: Unable to locate element: {"method":"xpath","selector":"//input[@id='title']"}
  (Session info: chrome=134.0.6998.178)
For documentation on this error, please visit: https://www.selenium.dev/documentation/webdriver/troubleshooting/errors#no-such-element-exception
Build info: version: '4.27.0', revision: 'd6e718d134'
System info: os.name: 'Windows 11', os.arch: 'amd64', os.version: '10.0', java.version: '23.0.1'
Driver info: org.openqa.selenium.chrome.ChromeDriver
Command: [96163064f55faf86dba3f954f5b89ca7, findElement {value=//input[@id='title'], using=xpath}]
Capabilities {acceptInsecureCerts: false, browserName: chrome, browserVersion: 134.0.6998.178, chrome: {chromedriverVersion: 134.0.6998.165 (fd886e2cb29..., userDataDir: C:\Users\HP\AppData\Local\T...}, fedcm:accounts: true, goog:chromeOptions: {debuggerAddress: localhost:55445}, networkConnectionEnabled: false, pageLoadStrategy: normal, platformName: windows, proxy: Proxy(), se:cdp: ws://localhost:55445/devtoo..., se:cdpVersion: 134.0.6998.178, setWindowRect: true, strictFileInteractability: false, timeouts: {implicit: 0, pageLoad: 300000, script: 30000}, unhandledPromptBehavior: dismiss and notify, webauthn:extension:credBlob: true, webauthn:extension:largeBlob: true, webauthn:extension:minPinLength: true, webauthn:extension:prf: true, webauthn:virtualAuthenticators: true}
Session ID: 96163064f55faf86dba3f954f5b89ca7
at java.base/jdk.internal.reflect.DirectConstructorHandleAccessor.newInstance(DirectConstructorHandleAccessor.java:62)
at java.base/java.lang.reflect.Constructor.newInstanceWithCaller(Constructor.java:501)
at java.base/java.lang.reflect.Constructor.newInstance(Constructor.java:485)
at org.openqa.selenium.remote.ErrorCodec.decode(ErrorCodec.java:167)
at org.openqa.selenium.remote.codec.w3c.W3CHttpResponseCodec.decode(W3CHttpResponseCodec.java:138)
at org.openqa.selenium.remote.codec.w3c.W3CHttpResponseCodec.decode(W3CHttpResponseCodec.java:50)
at org.openqa.selenium.remote.HttpCommandExecutor.execute(HttpCommandExecutor.java:190)
at org.openqa.selenium.remote.service.DriverCommandExecutor.invokeExecute(DriverCommandExecutor.java:216)
at org.openqa.selenium.remote.service.DriverCommandExecutor.execute(DriverCommandExecutor.java:174)
at org.openqa.selenium.remote.RemoteWebDriver.execute(RemoteWebDriver.java:545)
at org.openqa.selenium.remote.ElementLocation$ElementFinder$2.findElement(ElementLocation.java:165)
at org.openqa.selenium.remote.ElementLocation.findElement(ElementLocation.java:59)
at org.openqa.selenium.remote.RemoteWebDriver.findElement(RemoteWebDriver.java:368)
at org.openqa.selenium.remote.RemoteWebDriver.findElement(RemoteWebDriver.java:362)
at org.openqa.selenium.support.pagefactory.DefaultElementLocator.findElement(DefaultElementLocator.java:68)
at org.openqa.selenium.support.pagefactory.internal.LocatingElementHandler.invoke(LocatingElementHandler.java:38)
at jdk.proxy2/jdk.proxy2.$Proxy22.sendKeys(Unknown Source)
at ObjectRepository.CreatingNewContactsPage.createNewContacts(CreatingNewContactsPage.java:101)
at testCaseRepo.TC_005.CON_002(TC_005.java:27)
at java.base/jdk.internal.reflect.DirectMethodHandleAccessor.invoke(DirectMethodHandleAccessor.java:103)
at java.base/java.lang.reflect.Method.invoke(Method.java:580)
at org.testng.internal.invokers.MethodInvocationHelper.invokeMethod(MethodInvocationHelper.java:141)
at org.testng.internal.invokers.TestInvoker.invokeMethod(TestInvoker.java:686)
at org.testng.internal.invokers.TestInvoker.invokeTestMethod(TestInvoker.java:230)
at org.testng.internal.invokers.MethodRunner.runInSequence(MethodRunner.java:63)
at org.testng.internal.invokers.TestInvoker$MethodInvocationAgent.invoke(TestInvoker.java:992)
at org.testng.internal.invokers.TestInvoker.invokeTestMethods(TestInvoker.java:203)
at org.testng.internal.invokers.TestMethodWorker.invokeTestMethods(TestMethodWorker.java:154)
at org.testng.internal.invokers.TestMethodWorker.run(TestMethodWorker.java:134)
at java.base/java.util.ArrayList.forEach(ArrayList.java:1597)
at org.testng.TestRunner.privateRun(TestRunner.java:739)
at org.testng.TestRunner.run(TestRunner.java:614)
at org.testng.SuiteRunner.runTest(SuiteRunner.java:421)
at org.testng.SuiteRunner.runSequentially(SuiteRunner.java:413)
at org.testng.SuiteRunner.privateRun(SuiteRunner.java:373)
at org.testng.SuiteRunner.run(SuiteRunner.java:312)
at org.testng.SuiteRunnerWorker.runSuite(SuiteRunnerWorker.java:52)
at org.testng.SuiteRunnerWorker.run(SuiteRunnerWorker.java:95)
at org.testng.TestNG.runSuitesSequentially(TestNG.java:1274)
at org.testng.TestNG.runSuitesLocally(TestNG.java:1208)
at org.testng.TestNG.runSuites(TestNG.java:1112)
at org.testng.TestNG.run(TestNG.java:1079)
at org.testng.remote.AbstractRemoteTestNG.run(AbstractRemoteTestNG.java:115)
at org.testng.remote.RemoteTestNG.initAndRun(RemoteTestNG.java:293)
at org.testng.remote.RemoteTestNG.main(RemoteTestNG.java:91)
]]>
            </full-stacktrace>
          </exception> <!-- org.openqa.selenium.NoSuchElementException -->
          <reporter-output>
            <line>
              <![CDATA[CON_002 On Test Start executed]]>
            </line>
            <line>
              <![CDATA[CON_002 On Test Failure executed]]>
            </line>
          </reporter-output>
        </test-method> <!-- CON_002 -->
        <test-method is-config="true" signature="logoutOperation()[pri:0, instance:testCaseRepo.TC_005@2002fc1d]" started-at="2025-04-01T10:45:31 IST" name="logoutOperation" finished-at="2025-04-01T10:45:33 IST" duration-ms="2454" status="PASS">
          <reporter-output>
          </reporter-output>
        </test-method> <!-- logoutOperation -->
        <test-method is-config="true" signature="closeBrowser()[pri:0, instance:testCaseRepo.TC_005@2002fc1d]" started-at="2025-04-01T10:45:33 IST" name="closeBrowser" finished-at="2025-04-01T10:45:33 IST" duration-ms="390" status="PASS">
          <reporter-output>
          </reporter-output>
        </test-method> <!-- closeBrowser -->
      </class> <!-- testCaseRepo.TC_005 -->
      <class name="testCaseRepo.TC_004">
        <test-method is-config="true" signature="launchBrowser(java.lang.String)[pri:0, instance:testCaseRepo.TC_004@69453e37]" started-at="2025-04-01T10:45:33 IST" name="launchBrowser" finished-at="2025-04-01T10:45:37 IST" duration-ms="3272" status="PASS">
          <params>
            <param index="0">
              <value>
                <![CDATA[chrome]]>
              </value>
            </param>
          </params>
          <reporter-output>
          </reporter-output>
        </test-method> <!-- launchBrowser -->
        <test-method is-config="true" signature="loginOperation()[pri:0, instance:testCaseRepo.TC_004@69453e37]" started-at="2025-04-01T10:45:37 IST" name="loginOperation" finished-at="2025-04-01T10:45:40 IST" duration-ms="3810" status="PASS">
          <reporter-output>
          </reporter-output>
        </test-method> <!-- loginOperation -->
        <test-method signature="CON_001()[pri:0, instance:testCaseRepo.TC_004@69453e37]" started-at="2025-04-01T10:45:40 IST" name="CON_001" finished-at="2025-04-01T10:45:54 IST" duration-ms="13094" status="PASS">
          <reporter-output>
            <line>
              <![CDATA[CON_001 On Test Start executed]]>
            </line>
            <line>
              <![CDATA[CON_001 On Test Sucess executed]]>
            </line>
          </reporter-output>
        </test-method> <!-- CON_001 -->
        <test-method is-config="true" signature="logoutOperation()[pri:0, instance:testCaseRepo.TC_004@69453e37]" started-at="2025-04-01T10:45:54 IST" name="logoutOperation" finished-at="2025-04-01T10:45:56 IST" duration-ms="2306" status="PASS">
          <reporter-output>
          </reporter-output>
        </test-method> <!-- logoutOperation -->
        <test-method is-config="true" signature="closeBrowser()[pri:0, instance:testCaseRepo.TC_004@69453e37]" started-at="2025-04-01T10:45:56 IST" name="closeBrowser" finished-at="2025-04-01T10:45:56 IST" duration-ms="388" status="PASS">
          <reporter-output>
          </reporter-output>
        </test-method> <!-- closeBrowser -->
      </class> <!-- testCaseRepo.TC_004 -->
    </test> <!-- Test -->
  </suite> <!-- Suite -->
</testng-results>
